{"C:\\Users\\LENOVO\\Documents\\GitHub\\iammouaz\\To-Do-list\\src\\utils\\utilDelete.js": {"path":"C:\\Users\\LENOVO\\Documents\\GitHub\\iammouaz\\To-Do-list\\src\\utils\\utilDelete.js","statementMap":{"0":{"start":{"line":4,"column":13},"end":{"line":4,"column":44}},"1":{"start":{"line":5,"column":22},"end":{"line":5,"column":56}},"2":{"start":{"line":6,"column":16},"end":{"line":6,"column":62}},"3":{"start":{"line":7,"column":19},"end":{"line":7,"column":33}},"4":{"start":{"line":8,"column":2},"end":{"line":8,"column":30}},"5":{"start":{"line":9,"column":2},"end":{"line":9,"column":28}},"6":{"start":{"line":10,"column":2},"end":{"line":10,"column":18}}},"fnMap":{"0":{"name":"utilDelete","decl":{"start":{"line":3,"column":24},"end":{"line":3,"column":34}},"loc":{"start":{"line":3,"column":40},"end":{"line":11,"column":1}},"line":3}},"branchMap":{},"s":{"0":2,"1":2,"2":2,"3":2,"4":2,"5":2,"6":2},"f":{"0":2},"b":{},"_coverageSchema":"1a1c01bbd47fc00a2c39e90264f33305004495a9","hash":"9727a051ea4c84a7d2b13a0292bbc9421f1e0340"}
,"C:\\Users\\LENOVO\\Documents\\GitHub\\iammouaz\\To-Do-list\\src\\utils\\utilDeleteCompleted.js": {"path":"C:\\Users\\LENOVO\\Documents\\GitHub\\iammouaz\\To-Do-list\\src\\utils\\utilDeleteCompleted.js","statementMap":{"0":{"start":{"line":4,"column":19},"end":{"line":4,"column":33}},"1":{"start":{"line":5,"column":26},"end":{"line":5,"column":68}},"2":{"start":{"line":5,"column":52},"end":{"line":5,"column":67}},"3":{"start":{"line":6,"column":13},"end":{"line":6,"column":44}},"4":{"start":{"line":7,"column":17},"end":{"line":7,"column":53}},"5":{"start":{"line":8,"column":2},"end":{"line":12,"column":5}},"6":{"start":{"line":9,"column":4},"end":{"line":11,"column":5}},"7":{"start":{"line":10,"column":6},"end":{"line":10,"column":50}},"8":{"start":{"line":14,"column":2},"end":{"line":14,"column":25}}},"fnMap":{"0":{"name":"utilDeleteCompleted","decl":{"start":{"line":3,"column":24},"end":{"line":3,"column":43}},"loc":{"start":{"line":3,"column":46},"end":{"line":15,"column":1}},"line":3},"1":{"name":"(anonymous_1)","decl":{"start":{"line":5,"column":42},"end":{"line":5,"column":43}},"loc":{"start":{"line":5,"column":52},"end":{"line":5,"column":67}},"line":5},"2":{"name":"(anonymous_2)","decl":{"start":{"line":8,"column":17},"end":{"line":8,"column":18}},"loc":{"start":{"line":8,"column":28},"end":{"line":12,"column":3}},"line":8}},"branchMap":{"0":{"loc":{"start":{"line":9,"column":4},"end":{"line":11,"column":5}},"type":"if","locations":[{"start":{"line":9,"column":4},"end":{"line":11,"column":5}},{"start":{"line":9,"column":4},"end":{"line":11,"column":5}}],"line":9}},"s":{"0":2,"1":2,"2":6,"3":2,"4":2,"5":2,"6":1,"7":1,"8":2},"f":{"0":2,"1":6,"2":1},"b":{"0":[1,0]},"_coverageSchema":"1a1c01bbd47fc00a2c39e90264f33305004495a9","hash":"360cba8fc070181d82885d57c0df33f5586ba0bc"}
,"C:\\Users\\LENOVO\\Documents\\GitHub\\iammouaz\\To-Do-list\\src\\utils\\utilEdit.js": {"path":"C:\\Users\\LENOVO\\Documents\\GitHub\\iammouaz\\To-Do-list\\src\\utils\\utilEdit.js","statementMap":{"0":{"start":{"line":4,"column":19},"end":{"line":4,"column":33}},"1":{"start":{"line":5,"column":16},"end":{"line":5,"column":59}},"2":{"start":{"line":6,"column":2},"end":{"line":8,"column":3}},"3":{"start":{"line":7,"column":4},"end":{"line":7,"column":50}},"4":{"start":{"line":9,"column":2},"end":{"line":9,"column":42}},"5":{"start":{"line":10,"column":2},"end":{"line":10,"column":28}},"6":{"start":{"line":11,"column":2},"end":{"line":11,"column":18}}},"fnMap":{"0":{"name":"utilEdit","decl":{"start":{"line":3,"column":24},"end":{"line":3,"column":32}},"loc":{"start":{"line":3,"column":57},"end":{"line":12,"column":1}},"line":3}},"branchMap":{"0":{"loc":{"start":{"line":6,"column":2},"end":{"line":8,"column":3}},"type":"if","locations":[{"start":{"line":6,"column":2},"end":{"line":8,"column":3}},{"start":{"line":6,"column":2},"end":{"line":8,"column":3}}],"line":6}},"s":{"0":2,"1":2,"2":2,"3":2,"4":2,"5":2,"6":2},"f":{"0":2},"b":{"0":[2,0]},"_coverageSchema":"1a1c01bbd47fc00a2c39e90264f33305004495a9","hash":"210a64241a274fde63b8b00da88e4c0f3f255728"}
,"C:\\Users\\LENOVO\\Documents\\GitHub\\iammouaz\\To-Do-list\\src\\utils\\utilPopulate.js": {"path":"C:\\Users\\LENOVO\\Documents\\GitHub\\iammouaz\\To-Do-list\\src\\utils\\utilPopulate.js","statementMap":{"0":{"start":{"line":2,"column":21},"end":{"line":2,"column":23}},"1":{"start":{"line":3,"column":13},"end":{"line":3,"column":44}},"2":{"start":{"line":4,"column":2},"end":{"line":4,"column":20}},"3":{"start":{"line":5,"column":2},"end":{"line":11,"column":3}},"4":{"start":{"line":5,"column":15},"end":{"line":5,"column":16}},"5":{"start":{"line":6,"column":4},"end":{"line":10,"column":5}},"6":{"start":{"line":6,"column":17},"end":{"line":6,"column":18}},"7":{"start":{"line":7,"column":6},"end":{"line":9,"column":7}},"8":{"start":{"line":8,"column":8},"end":{"line":8,"column":32}},"9":{"start":{"line":12,"column":2},"end":{"line":28,"column":5}},"10":{"start":{"line":13,"column":15},"end":{"line":13,"column":43}},"11":{"start":{"line":14,"column":4},"end":{"line":24,"column":15}},"12":{"start":{"line":25,"column":4},"end":{"line":25,"column":48}},"13":{"start":{"line":26,"column":4},"end":{"line":26,"column":39}},"14":{"start":{"line":27,"column":4},"end":{"line":27,"column":23}},"15":{"start":{"line":30,"column":2},"end":{"line":30,"column":20}}},"fnMap":{"0":{"name":"utilPopulate","decl":{"start":{"line":1,"column":24},"end":{"line":1,"column":36}},"loc":{"start":{"line":1,"column":42},"end":{"line":31,"column":1}},"line":1},"1":{"name":"(anonymous_1)","decl":{"start":{"line":12,"column":21},"end":{"line":12,"column":22}},"loc":{"start":{"line":12,"column":31},"end":{"line":28,"column":3}},"line":12}},"branchMap":{"0":{"loc":{"start":{"line":7,"column":6},"end":{"line":9,"column":7}},"type":"if","locations":[{"start":{"line":7,"column":6},"end":{"line":9,"column":7}},{"start":{"line":7,"column":6},"end":{"line":9,"column":7}}],"line":7}},"s":{"0":2,"1":2,"2":2,"3":2,"4":2,"5":6,"6":6,"7":18,"8":6,"9":2,"10":6,"11":6,"12":6,"13":6,"14":6,"15":2},"f":{"0":2,"1":6},"b":{"0":[6,12]},"_coverageSchema":"1a1c01bbd47fc00a2c39e90264f33305004495a9","hash":"185051c8b42b1d5603b8e4daf09e62b7d6a0caea"}
}
