{"C:\\Users\\LENOVO\\Documents\\GitHub\\iammouaz\\To-Do-list\\src\\Functions.js": {"path":"C:\\Users\\LENOVO\\Documents\\GitHub\\iammouaz\\To-Do-list\\src\\Functions.js","statementMap":{"0":{"start":{"line":3,"column":4},"end":{"line":3,"column":19}},"1":{"start":{"line":4,"column":4},"end":{"line":4,"column":23}},"2":{"start":{"line":5,"column":4},"end":{"line":5,"column":25}},"3":{"start":{"line":9,"column":21},"end":{"line":9,"column":43}},"4":{"start":{"line":9,"column":31},"end":{"line":9,"column":43}},"5":{"start":{"line":13,"column":13},"end":{"line":13,"column":15}},"6":{"start":{"line":15,"column":20},"end":{"line":17,"column":1}},"7":{"start":{"line":16,"column":2},"end":{"line":16,"column":56}},"8":{"start":{"line":19,"column":14},"end":{"line":60,"column":1}},"9":{"start":{"line":20,"column":15},"end":{"line":20,"column":43}},"10":{"start":{"line":21,"column":15},"end":{"line":21,"column":46}},"11":{"start":{"line":22,"column":2},"end":{"line":22,"column":25}},"12":{"start":{"line":23,"column":2},"end":{"line":23,"column":18}},"13":{"start":{"line":24,"column":2},"end":{"line":24,"column":27}},"14":{"start":{"line":25,"column":2},"end":{"line":32,"column":5}},"15":{"start":{"line":26,"column":4},"end":{"line":30,"column":5}},"16":{"start":{"line":27,"column":6},"end":{"line":27,"column":53}},"17":{"start":{"line":29,"column":6},"end":{"line":29,"column":54}},"18":{"start":{"line":31,"column":4},"end":{"line":31,"column":18}},"19":{"start":{"line":33,"column":16},"end":{"line":33,"column":47}},"20":{"start":{"line":34,"column":2},"end":{"line":34,"column":31}},"21":{"start":{"line":35,"column":2},"end":{"line":35,"column":32}},"22":{"start":{"line":36,"column":2},"end":{"line":45,"column":5}},"23":{"start":{"line":37,"column":4},"end":{"line":37,"column":55}},"24":{"start":{"line":38,"column":4},"end":{"line":38,"column":75}},"25":{"start":{"line":39,"column":4},"end":{"line":39,"column":72}},"26":{"start":{"line":40,"column":4},"end":{"line":40,"column":78}},"27":{"start":{"line":41,"column":4},"end":{"line":41,"column":18}},"28":{"start":{"line":42,"column":4},"end":{"line":44,"column":12}},"29":{"start":{"line":43,"column":6},"end":{"line":43,"column":66}},"30":{"start":{"line":46,"column":16},"end":{"line":46,"column":48}},"31":{"start":{"line":47,"column":2},"end":{"line":47,"column":37}},"32":{"start":{"line":48,"column":2},"end":{"line":52,"column":12}},"33":{"start":{"line":50,"column":4},"end":{"line":50,"column":60}},"34":{"start":{"line":51,"column":4},"end":{"line":51,"column":36}},"35":{"start":{"line":53,"column":15},"end":{"line":53,"column":42}},"36":{"start":{"line":54,"column":2},"end":{"line":54,"column":39}},"37":{"start":{"line":55,"column":16},"end":{"line":55,"column":43}},"38":{"start":{"line":56,"column":2},"end":{"line":56,"column":35}},"39":{"start":{"line":57,"column":2},"end":{"line":57,"column":28}},"40":{"start":{"line":58,"column":2},"end":{"line":58,"column":34}},"41":{"start":{"line":59,"column":2},"end":{"line":59,"column":19}},"42":{"start":{"line":62,"column":16},"end":{"line":69,"column":1}},"43":{"start":{"line":63,"column":2},"end":{"line":63,"column":59}},"44":{"start":{"line":63,"column":29},"end":{"line":63,"column":59}},"45":{"start":{"line":64,"column":2},"end":{"line":64,"column":65}},"46":{"start":{"line":64,"column":15},"end":{"line":64,"column":16}},"47":{"start":{"line":64,"column":45},"end":{"line":64,"column":65}},"48":{"start":{"line":65,"column":2},"end":{"line":67,"column":5}},"49":{"start":{"line":66,"column":4},"end":{"line":66,"column":60}},"50":{"start":{"line":68,"column":2},"end":{"line":68,"column":16}},"51":{"start":{"line":71,"column":15},"end":{"line":74,"column":1}},"52":{"start":{"line":72,"column":2},"end":{"line":72,"column":65}},"53":{"start":{"line":72,"column":32},"end":{"line":72,"column":63}},"54":{"start":{"line":73,"column":2},"end":{"line":73,"column":14}},"55":{"start":{"line":76,"column":24},"end":{"line":79,"column":1}},"56":{"start":{"line":77,"column":2},"end":{"line":77,"column":54}},"57":{"start":{"line":77,"column":32},"end":{"line":77,"column":52}},"58":{"start":{"line":78,"column":2},"end":{"line":78,"column":14}},"59":{"start":{"line":81,"column":21},"end":{"line":86,"column":1}},"60":{"start":{"line":82,"column":2},"end":{"line":82,"column":42}},"61":{"start":{"line":83,"column":2},"end":{"line":85,"column":5}},"62":{"start":{"line":84,"column":4},"end":{"line":84,"column":60}},"63":{"start":{"line":88,"column":19},"end":{"line":92,"column":1}},"64":{"start":{"line":89,"column":2},"end":{"line":89,"column":63}},"65":{"start":{"line":90,"column":2},"end":{"line":90,"column":55}},"66":{"start":{"line":91,"column":2},"end":{"line":91,"column":16}}},"fnMap":{"0":{"name":"(anonymous_0)","decl":{"start":{"line":2,"column":2},"end":{"line":2,"column":3}},"loc":{"start":{"line":2,"column":31},"end":{"line":6,"column":3}},"line":2},"1":{"name":"(anonymous_1)","decl":{"start":{"line":9,"column":21},"end":{"line":9,"column":22}},"loc":{"start":{"line":9,"column":31},"end":{"line":9,"column":43}},"line":9},"2":{"name":"(anonymous_2)","decl":{"start":{"line":15,"column":20},"end":{"line":15,"column":21}},"loc":{"start":{"line":15,"column":26},"end":{"line":17,"column":1}},"line":15},"3":{"name":"(anonymous_3)","decl":{"start":{"line":19,"column":14},"end":{"line":19,"column":15}},"loc":{"start":{"line":19,"column":53},"end":{"line":60,"column":1}},"line":19},"4":{"name":"(anonymous_4)","decl":{"start":{"line":25,"column":34},"end":{"line":25,"column":35}},"loc":{"start":{"line":25,"column":40},"end":{"line":32,"column":3}},"line":25},"5":{"name":"(anonymous_5)","decl":{"start":{"line":36,"column":37},"end":{"line":36,"column":38}},"loc":{"start":{"line":36,"column":44},"end":{"line":45,"column":3}},"line":36},"6":{"name":"(anonymous_6)","decl":{"start":{"line":42,"column":15},"end":{"line":42,"column":16}},"loc":{"start":{"line":42,"column":21},"end":{"line":44,"column":5}},"line":42},"7":{"name":"(anonymous_7)","decl":{"start":{"line":48,"column":34},"end":{"line":48,"column":35}},"loc":{"start":{"line":48,"column":41},"end":{"line":52,"column":3}},"line":48},"8":{"name":"(anonymous_8)","decl":{"start":{"line":62,"column":16},"end":{"line":62,"column":17}},"loc":{"start":{"line":62,"column":24},"end":{"line":69,"column":1}},"line":62},"9":{"name":"(anonymous_9)","decl":{"start":{"line":65,"column":17},"end":{"line":65,"column":18}},"loc":{"start":{"line":65,"column":27},"end":{"line":67,"column":3}},"line":65},"10":{"name":"(anonymous_10)","decl":{"start":{"line":71,"column":15},"end":{"line":71,"column":16}},"loc":{"start":{"line":71,"column":30},"end":{"line":74,"column":1}},"line":71},"11":{"name":"(anonymous_11)","decl":{"start":{"line":72,"column":25},"end":{"line":72,"column":26}},"loc":{"start":{"line":72,"column":32},"end":{"line":72,"column":63}},"line":72},"12":{"name":"(anonymous_12)","decl":{"start":{"line":76,"column":24},"end":{"line":76,"column":25}},"loc":{"start":{"line":76,"column":32},"end":{"line":79,"column":1}},"line":76},"13":{"name":"(anonymous_13)","decl":{"start":{"line":77,"column":25},"end":{"line":77,"column":26}},"loc":{"start":{"line":77,"column":32},"end":{"line":77,"column":52}},"line":77},"14":{"name":"(anonymous_14)","decl":{"start":{"line":81,"column":21},"end":{"line":81,"column":22}},"loc":{"start":{"line":81,"column":29},"end":{"line":86,"column":1}},"line":81},"15":{"name":"(anonymous_15)","decl":{"start":{"line":83,"column":17},"end":{"line":83,"column":18}},"loc":{"start":{"line":83,"column":27},"end":{"line":85,"column":3}},"line":83},"16":{"name":"(anonymous_16)","decl":{"start":{"line":88,"column":19},"end":{"line":88,"column":20}},"loc":{"start":{"line":88,"column":51},"end":{"line":92,"column":1}},"line":88}},"branchMap":{"0":{"loc":{"start":{"line":2,"column":17},"end":{"line":2,"column":26}},"type":"default-arg","locations":[{"start":{"line":2,"column":21},"end":{"line":2,"column":26}}],"line":2},"1":{"loc":{"start":{"line":26,"column":4},"end":{"line":30,"column":5}},"type":"if","locations":[{"start":{"line":26,"column":4},"end":{"line":30,"column":5}},{"start":{"line":26,"column":4},"end":{"line":30,"column":5}}],"line":26}},"s":{"0":0,"1":0,"2":0,"3":1,"4":0,"5":1,"6":1,"7":0,"8":1,"9":0,"10":0,"11":0,"12":0,"13":0,"14":0,"15":0,"16":0,"17":0,"18":0,"19":0,"20":0,"21":0,"22":0,"23":0,"24":0,"25":0,"26":0,"27":0,"28":0,"29":0,"30":0,"31":0,"32":0,"33":0,"34":0,"35":0,"36":0,"37":0,"38":0,"39":0,"40":0,"41":0,"42":1,"43":0,"44":0,"45":0,"46":0,"47":0,"48":0,"49":0,"50":0,"51":1,"52":0,"53":0,"54":0,"55":1,"56":0,"57":0,"58":0,"59":1,"60":0,"61":0,"62":0,"63":1,"64":0,"65":0,"66":0},"f":{"0":0,"1":0,"2":0,"3":0,"4":0,"5":0,"6":0,"7":0,"8":0,"9":0,"10":0,"11":0,"12":0,"13":0,"14":0,"15":0,"16":0},"b":{"0":[0],"1":[0,0]},"_coverageSchema":"1a1c01bbd47fc00a2c39e90264f33305004495a9","hash":"e585dde8e83f30cb7d4e8ab3a08afb328e4c6790"}
}
