TN:
SF:src\utils\utilDelete.js
FN:3,utilDelete
FNF:1
FNH:1
FNDA:2,utilDelete
DA:4,2
DA:5,2
DA:6,2
DA:7,2
DA:8,2
DA:9,2
DA:10,2
LF:7
LH:7
BRF:0
BRH:0
end_of_record
TN:
SF:src\utils\utilDeleteCompleted.js
FN:3,utilDeleteCompleted
FN:5,(anonymous_1)
FN:8,(anonymous_2)
FNF:3
FNH:3
FNDA:2,utilDeleteCompleted
FNDA:6,(anonymous_1)
FNDA:1,(anonymous_2)
DA:4,2
DA:5,6
DA:6,2
DA:7,2
DA:8,2
DA:9,1
DA:10,1
DA:14,2
LF:8
LH:8
BRDA:9,0,0,1
BRDA:9,0,1,0
BRF:2
BRH:1
end_of_record
TN:
SF:src\utils\utilEdit.js
FN:3,utilEdit
FNF:1
FNH:1
FNDA:2,utilEdit
DA:4,2
DA:5,2
DA:6,2
DA:7,2
DA:9,2
DA:10,2
DA:11,2
LF:7
LH:7
BRDA:6,0,0,2
BRDA:6,0,1,0
BRF:2
BRH:1
end_of_record
TN:
SF:src\utils\utilPopulate.js
FN:1,utilPopulate
FN:12,(anonymous_1)
FNF:2
FNH:2
FNDA:2,utilPopulate
FNDA:6,(anonymous_1)
DA:2,2
DA:3,2
DA:4,2
DA:5,2
DA:6,6
DA:7,18
DA:8,6
DA:12,2
DA:13,6
DA:14,6
DA:25,6
DA:26,6
DA:27,6
DA:30,2
LF:14
LH:14
BRDA:7,0,0,6
BRDA:7,0,1,12
BRF:2
BRH:2
end_of_record
