TN:
SF:src\Functions.js
FN:2,(anonymous_0)
FN:9,(anonymous_1)
FN:15,(anonymous_2)
FN:19,(anonymous_3)
FN:25,(anonymous_4)
FN:36,(anonymous_5)
FN:42,(anonymous_6)
FN:48,(anonymous_7)
FN:62,(anonymous_8)
FN:65,(anonymous_9)
FN:71,(anonymous_10)
FN:72,(anonymous_11)
FN:76,(anonymous_12)
FN:77,(anonymous_13)
FN:81,(anonymous_14)
FN:83,(anonymous_15)
FN:88,(anonymous_16)
FNF:17
FNH:4
FNDA:3,(anonymous_0)
FNDA:0,(anonymous_1)
FNDA:3,(anonymous_2)
FNDA:3,(anonymous_3)
FNDA:0,(anonymous_4)
FNDA:0,(anonymous_5)
FNDA:0,(anonymous_6)
FNDA:0,(anonymous_7)
FNDA:0,(anonymous_8)
FNDA:0,(anonymous_9)
FNDA:0,(anonymous_10)
FNDA:0,(anonymous_11)
FNDA:0,(anonymous_12)
FNDA:0,(anonymous_13)
FNDA:0,(anonymous_14)
FNDA:0,(anonymous_15)
FNDA:3,(anonymous_16)
DA:3,3
DA:4,3
DA:5,3
DA:9,1
DA:13,1
DA:15,1
DA:16,3
DA:19,1
DA:20,3
DA:21,3
DA:22,3
DA:23,3
DA:24,3
DA:25,3
DA:26,0
DA:27,0
DA:29,0
DA:31,0
DA:33,3
DA:34,3
DA:35,3
DA:36,3
DA:37,0
DA:38,0
DA:39,0
DA:40,0
DA:41,0
DA:42,0
DA:43,0
DA:46,3
DA:47,3
DA:48,3
DA:50,0
DA:51,0
DA:53,3
DA:54,3
DA:55,3
DA:56,3
DA:57,3
DA:58,3
DA:62,1
DA:63,0
DA:64,0
DA:65,0
DA:66,0
DA:68,0
DA:71,1
DA:72,0
DA:73,0
DA:76,1
DA:77,0
DA:78,0
DA:81,1
DA:82,0
DA:83,0
DA:84,0
DA:88,1
DA:89,3
DA:90,3
DA:91,3
LF:60
LH:35
BRDA:2,0,0,0
BRDA:26,1,0,0
BRDA:26,1,1,0
BRF:3
BRH:0
end_of_record
